<?xml version="1.0" encoding="UTF-8"?>
<robot generator="Robot 7.4.2 (Python 3.14.7 on win32)" generated="2026-08-20T13:27:37.627597" rpa="false" schemaversion="5">
<suite id="s1" name="Tests" source="C:\Users\abhinav.n.mishra\PycharmProjects\PythonProject\tests">
<suite id="s1-s1" name="Hello World" source="C:\Users\abhinav.n.mishra\PycharmProjects\PythonProject\tests\hello_world.robot">
<test id="s1-s1-t1" name="Hello World" line="2">
<kw name="Log" owner="BuiltIn">
<msg time="2026-08-20T13:27:37.726518" level="INFO">hello world</msg>
<arg>hello world</arg>
<doc>Logs the given message with the given level.</doc>
<status status="PASS" start="2026-08-20T13:27:37.726196" elapsed="0.000391"/>
</kw>
<status status="PASS" start="2026-08-20T13:27:37.725090" elapsed="0.002156"/>
</test>
<status status="PASS" start="2026-08-20T13:27:37.723094" elapsed="0.004860"/>
</suite>
<suite id="s1-s2" name="Load Url" source="C:\Users\abhinav.n.mishra\PycharmProjects\PythonProject\tests\load_url">
<suite id="s1-s2-s1" name="Pegalabs" source="C:\Users\abhinav.n.mishra\PycharmProjects\PythonProject\tests\load_url\pegalabs.robot">
<test id="s1-s2-s1-t1" name="Load Target URL" line="6">
<kw name="Open Browser">
<msg time="2026-08-20T13:27:37.741793" level="FAIL">No keyword with name 'Open Browser' found.</msg>
<arg>https://accenture70.pegalabs.io/prweb/app/clmkyc--client-onboarding-for-financial-services-2/Sbv1LjrUINyBjX9Hxau_rqRnGmpOwB94*/!STANDARD?pzPostData=-965631814</arg>
<arg>chrome</arg>
<status status="FAIL" start="2026-08-20T13:27:37.741743" elapsed="0.000117">No keyword with name 'Open Browser' found.</status>
</kw>
<kw name="Sleep" owner="BuiltIn">
<arg>2s</arg>
<doc>Pauses the test executed for the given time.</doc>
<status status="NOT RUN" start="2026-08-20T13:27:37.742610" elapsed="0.000046"/>
</kw>
<status status="FAIL" start="2026-08-20T13:27:37.740274" elapsed="0.003039">No keyword with name 'Open Browser' found.</status>
</test>
<status status="FAIL" start="2026-08-20T13:27:37.730628" elapsed="0.014292"/>
</suite>
<status status="FAIL" start="2026-08-20T13:27:37.728916" elapsed="0.018531"/>
</suite>
<suite id="s1-s3" name="Pegalabs" source="C:\Users\abhinav.n.mishra\PycharmProjects\PythonProject\tests\pegalabs.robot">
<test id="s1-s3-t1" name="PegaLabs Load and Click" line="6">
<kw name="Open Browser">
<msg time="2026-08-20T13:27:37.761389" level="FAIL">No keyword with name 'Open Browser' found.</msg>
<arg>https://accenture70.pegalabs.io/prweb/app/clmkyc--client-onboarding-for-financial-services-2/Sbv1LjrUINyBjX9Hxau_rqRnGmpOwB94*/!STANDARD?pzPostData=-965631814</arg>
<arg>chrome</arg>
<status status="FAIL" start="2026-08-20T13:27:37.761329" elapsed="0.000174">No keyword with name 'Open Browser' found.</status>
</kw>
<kw name="Maximize Browser Window">
<status status="NOT RUN" start="2026-08-20T13:27:37.762147" elapsed="0.000024"/>
</kw>
<kw name="Log" owner="BuiltIn">
<arg>Using credentials: ${USERNAME}</arg>
<doc>Logs the given message with the given level.</doc>
<status status="NOT RUN" start="2026-08-20T13:27:37.762740" elapsed="0.000033"/>
</kw>
<kw name="Wait Until Element Is Visible">
<arg>xpath=//*[@id="RULE_KEY"]/div/div/div/div/div/div/span/a/i</arg>
<arg>10s</arg>
<status status="NOT RUN" start="2026-08-20T13:27:37.763177" elapsed="0.000029"/>
</kw>
<kw name="Click Element">
<arg>xpath=//*[@id="RULE_KEY"]/div/div/div/div/div/div/span/a/i</arg>
<status status="NOT RUN" start="2026-08-20T13:27:37.763713" elapsed="0.000029"/>
</kw>
<kw name="Sleep" owner="BuiltIn">
<arg>1s</arg>
<doc>Pauses the test executed for the given time.</doc>
<status status="NOT RUN" start="2026-08-20T13:27:37.764240" elapsed="0.000027"/>
</kw>
<doc>Load the target URL using credentials from test data, wait for the element and click it</doc>
<tag>TC-001</tag>
<status status="FAIL" start="2026-08-20T13:27:37.759811" elapsed="0.005049">No keyword with name 'Open Browser' found.</status>
</test>
<status status="FAIL" start="2026-08-20T13:27:37.749166" elapsed="0.016289"/>
</suite>
<status status="FAIL" start="2026-08-20T13:27:37.632277" elapsed="0.134166"/>
</suite>
<statistics>
<total>
<stat pass="1" fail="2" skip="0">All Tests</stat>
</total>
<tag>
<stat pass="0" fail="1" skip="0">TC-001</stat>
</tag>
<suite>
<stat name="Tests" id="s1" pass="1" fail="2" skip="0">Tests</stat>
<stat name="Hello World" id="s1-s1" pass="1" fail="0" skip="0">Tests.Hello World</stat>
<stat name="Load Url" id="s1-s2" pass="0" fail="1" skip="0">Tests.Load Url</stat>
<stat name="Pegalabs" id="s1-s2-s1" pass="0" fail="1" skip="0">Tests.Load Url.Pegalabs</stat>
<stat name="Pegalabs" id="s1-s3" pass="0" fail="1" skip="0">Tests.Pegalabs</stat>
</suite>
</statistics>
<errors>
<msg time="2026-08-20T13:27:37.734612" level="ERROR">Error in file 'C:\Users\abhinav.n.mishra\PycharmProjects\PythonProject\tests\load_url\pegalabs.robot' on line 2: Importing library 'SeleniumLibrary' failed: ModuleNotFoundError: No module named 'SeleniumLibrary'
Traceback (most recent call last):
  None
PYTHONPATH:
  C:\Users\abhinav.n.mishra\PycharmProjects\PythonProject
  C:\Users\abhinav.n.mishra\PycharmProjects\python314.zip
  C:\Users\abhinav.n.mishra\PycharmProjects\DLLs
  C:\Users\abhinav.n.mishra\PycharmProjects\Lib
  C:\Users\abhinav.n.mishra\PycharmProjects
  C:\Users\abhinav.n.mishra\PycharmProjects\PythonProject\.venv
  C:\Users\abhinav.n.mishra\PycharmProjects\PythonProject\.venv\Lib\site-packages</msg>
<msg time="2026-08-20T13:27:37.738231" level="ERROR">Error in file 'C:\Users\abhinav.n.mishra\PycharmProjects\PythonProject\tests\load_url\pegalabs.robot' on line 3: Processing variable file '"C:Usersabhinav.n.mishraPycharmProjectsPythonProject	est datacredentials.robot"' failed: Importing variable file '"C:Usersabhinav.n.mishraPycharmProjectsPythonProject	est datacredentials.robot"' failed: ModuleNotFoundError: No module named '"C:Usersabhinav'
Traceback (most recent call last):
  None
PYTHONPATH:
  C:\Users\abhinav.n.mishra\PycharmProjects\PythonProject
  C:\Users\abhinav.n.mishra\PycharmProjects\python314.zip
  C:\Users\abhinav.n.mishra\PycharmProjects\DLLs
  C:\Users\abhinav.n.mishra\PycharmProjects\Lib
  C:\Users\abhinav.n.mishra\PycharmProjects
  C:\Users\abhinav.n.mishra\PycharmProjects\PythonProject\.venv
  C:\Users\abhinav.n.mishra\PycharmProjects\PythonProject\.venv\Lib\site-packages</msg>
<msg time="2026-08-20T13:27:37.755414" level="ERROR">Error in file 'C:\Users\abhinav.n.mishra\PycharmProjects\PythonProject\tests\pegalabs.robot' on line 2: Importing library 'SeleniumLibrary' failed: ModuleNotFoundError: No module named 'SeleniumLibrary'
Traceback (most recent call last):
  None
PYTHONPATH:
  C:\Users\abhinav.n.mishra\PycharmProjects\PythonProject
  C:\Users\abhinav.n.mishra\PycharmProjects\python314.zip
  C:\Users\abhinav.n.mishra\PycharmProjects\DLLs
  C:\Users\abhinav.n.mishra\PycharmProjects\Lib
  C:\Users\abhinav.n.mishra\PycharmProjects
  C:\Users\abhinav.n.mishra\PycharmProjects\PythonProject\.venv
  C:\Users\abhinav.n.mishra\PycharmProjects\PythonProject\.venv\Lib\site-packages</msg>
<msg time="2026-08-20T13:27:37.758393" level="ERROR">Error in file 'C:\Users\abhinav.n.mishra\PycharmProjects\PythonProject\tests\pegalabs.robot' on line 3: Processing variable file 'C:Usersabhinav.n.mishraPycharmProjectsPythonProject	est datacredentials.robot' failed: Importing variable file 'C:Usersabhinav.n.mishraPycharmProjectsPythonProject	est datacredentials.robot' failed: ModuleNotFoundError: No module named 'C:Usersabhinav'
Traceback (most recent call last):
  None
PYTHONPATH:
  C:\Users\abhinav.n.mishra\PycharmProjects\PythonProject
  C:\Users\abhinav.n.mishra\PycharmProjects\python314.zip
  C:\Users\abhinav.n.mishra\PycharmProjects\DLLs
  C:\Users\abhinav.n.mishra\PycharmProjects\Lib
  C:\Users\abhinav.n.mishra\PycharmProjects
  C:\Users\abhinav.n.mishra\PycharmProjects\PythonProject\.venv
  C:\Users\abhinav.n.mishra\PycharmProjects\PythonProject\.venv\Lib\site-packages</msg>
</errors>
</robot>
